c:\cworkspace\softwarerasterizer\projects\drawline\drawline\x64\debug\vc143.pdb
c:\cworkspace\softwarerasterizer\projects\drawline\drawline\x64\debug\vc143.idb
c:\cworkspace\softwarerasterizer\projects\drawline\drawline\x64\debug\main.nativecodeanalysis.sarif
c:\cworkspace\softwarerasterizer\projects\drawline\drawline\x64\debug\main.nativecodeanalysis.xml
c:\cworkspace\softwarerasterizer\projects\drawline\drawline\x64\debug\tgaimage.nativecodeanalysis.sarif
c:\cworkspace\softwarerasterizer\projects\drawline\drawline\x64\debug\tgaimage.nativecodeanalysis.xml
c:\cworkspace\softwarerasterizer\projects\drawline\drawline\x64\debug\tgaimage.obj
c:\cworkspace\softwarerasterizer\projects\drawline\drawline\x64\debug\main.obj
c:\cworkspace\softwarerasterizer\projects\drawline\x64\debug\drawline.exe
c:\cworkspace\softwarerasterizer\projects\drawline\x64\debug\drawline.pdb
c:\cworkspace\softwarerasterizer\projects\drawline\drawline\x64\debug\drawline.ilk
c:\cworkspace\softwarerasterizer\projects\drawline\drawline\x64\debug\vc.nativecodeanalysis.all.xml
c:\cworkspace\softwarerasterizer\projects\drawline\drawline\x64\debug\drawline.tlog\cl.command.1.tlog
c:\cworkspace\softwarerasterizer\projects\drawline\drawline\x64\debug\drawline.tlog\cl.items.tlog
c:\cworkspace\softwarerasterizer\projects\drawline\drawline\x64\debug\drawline.tlog\cl.read.1.tlog
c:\cworkspace\softwarerasterizer\projects\drawline\drawline\x64\debug\drawline.tlog\cl.write.1.tlog
c:\cworkspace\softwarerasterizer\projects\drawline\drawline\x64\debug\drawline.tlog\link.command.1.tlog
c:\cworkspace\softwarerasterizer\projects\drawline\drawline\x64\debug\drawline.tlog\link.read.1.tlog
c:\cworkspace\softwarerasterizer\projects\drawline\drawline\x64\debug\drawline.tlog\link.secondary.1.tlog
c:\cworkspace\softwarerasterizer\projects\drawline\drawline\x64\debug\drawline.tlog\link.write.1.tlog
